2025-06-19 15:03:59,005 - __main__ - INFO - Connecting to source organization...
2025-06-19 15:04:02,909 - solution_cloner.utils.auth - INFO - Connected to https://www.arcgis.com as gargarcia
2025-06-19 15:04:02,909 - __main__ - INFO - Connected to source as: gargarcia
2025-06-19 15:04:02,909 - __main__ - INFO - Connecting to destination organization...
2025-06-19 15:04:06,511 - solution_cloner.utils.auth - INFO - Connected to https://www.arcgis.com as gogarcia
2025-06-19 15:04:06,512 - __main__ - INFO - Connected to destination as: gogarcia
2025-06-19 15:04:06,513 - __main__ - INFO - Collecting items from folder: json clone content
2025-06-19 15:04:07,169 - solution_cloner.utils.folder_collector - INFO - Found 1 items in folder: json clone content
2025-06-19 15:04:07,654 - solution_cloner.utils.folder_collector - INFO - Successfully collected 1 items with metadata
2025-06-19 15:04:07,655 - __main__ - INFO - Found 1 items in folder
2025-06-19 15:04:07,657 - solution_cloner.utils.json_handler - INFO - Saved JSON to: C:\Users\ggarcia\OneDrive - Abonmarche\Documents\GitHub\Cloning\json_files\solution_inventory_20250619_150407_20250619_150407.json
2025-06-19 15:04:07,659 - __main__ - INFO - Analyzing solution structure...
2025-06-19 15:04:07,877 - solution_cloner.utils.item_analyzer - INFO - Classified 1 items into 1 types
2025-06-19 15:04:07,878 - solution_cloner.utils.item_analyzer - INFO - Determined 1 dependency levels
2025-06-19 15:04:07,878 - __main__ - INFO - Analysis complete. Found 1 dependency levels
2025-06-19 15:04:07,950 - __main__ - INFO - Creating destination folder: test json clone content
2025-06-19 15:04:08,011 - __main__ - INFO - Cloning dependency level 0 (1 items)
2025-06-19 15:04:08,012 - __main__ - INFO - Cloning Feature Service: Test Relationship (fe7f19431cbc495ba71871a07b25db19)
2025-06-19 15:04:08,297 - solution_cloner.cloners.feature_layer_cloner - INFO - Cloning feature service: Test Relationship
2025-06-19 15:04:08,460 - solution_cloner.cloners.feature_layer_cloner - INFO - Extracting definition for: Test Relationship
2025-06-19 15:04:14,524 - solution_cloner.cloners.feature_layer_cloner - INFO - Created empty service: test_relationship_3d15679f
2025-06-19 15:04:15,254 - solution_cloner.cloners.feature_layer_cloner - ERROR - Error applying schema: Unable to add feature service definition.
Invalid definition for System.Collections.Generic.List`1[ESRI.ArcGIS.SDS.Metadata.LayerCoreInfo]
Exception has been thrown by the target of an invocation.
(Error Code: 400)
2025-06-19 15:04:15,254 - solution_cloner.cloners.feature_layer_cloner - ERROR - Error cloning feature service: Unable to add feature service definition.
Invalid definition for System.Collections.Generic.List`1[ESRI.ArcGIS.SDS.Metadata.LayerCoreInfo]
Exception has been thrown by the target of an invocation.
(Error Code: 400)
2025-06-19 15:04:15,254 - __main__ - ERROR - Failed to clone: Test Relationship
2025-06-19 15:04:15,254 - solution_cloner.utils.id_mapper - INFO - Added 0 ID mappings
2025-06-19 15:04:15,256 - __main__ - INFO - Updating all cross-references in cloned items...
2025-06-19 15:04:15,260 - solution_cloner.utils.json_handler - INFO - Saved JSON to: C:\Users\ggarcia\OneDrive - Abonmarche\Documents\GitHub\Cloning\json_files\id_mapping_20250619_150415_20250619_150415.json
2025-06-19 15:04:15,264 - __main__ - INFO - Solution cloning complete! Cloned 0 items
